* hdr   1 12 Sep 2014 19:08:12 samples 1 to 10, int = 11, stop = stop cmd
*END*
0390230A677208164965CF2A60DE1BA6011A
0390290A677308164865C52A619C1BA60125
0390280A677208164665C22A61C41BA60130
0390270A677308164865B82A5D641BA6013B
0390270A677108164A65C72A63041BA60146
03902E0A677108164B65C32A5E9A1BA60151
03902D0A677108164565BA2A60841BA6015C
0390310A677208164965B72A56FC1BA60167
0390300A677208164965B92A5E901BA60172
0390340A677208164565C22A60F21BA6017D
* hdr   1 12 Sep 2014 19:08:12 samples 11 to 20, int = 11, stop = stop cmd
*END*
0390370A677208164765BD2A5A081BA60188
0390390A677208164565CE2A5D141BA60193
03903E0A677108164865DA2A5F581BA6019E
03903B0A677208164665D02A595E1BA601A9
0390430A677208164865C12A585A1BA601B4
0390450A677208164865CA2A5EB81BA601BF
03904A0A677308164665C92A57381BA601CA
03904D0A677308164965BE2A5DFA1BA601D5
0390560A677308164565CA2A5A261BA601E0
03905B0A677208164465CA2A599A1BA601EB
* hdr   1 12 Sep 2014 19:08:12 samples 21 to 24, int = 11, stop = stop cmd
*END*
03905B0A677208164665D72A55081BA601F6
0390600A677208164465BC2A597C1BA60201
0390680A677208164365D12A586E1BA6020C
03906E0A677208164465BC2A58461BA60217
