064C8F0A984808787746DE1A12B995
064D110A984808787946D11A12B99F
06501D0A984708787B46DB1A12B9A9
06519A0A984708787B46D31A12B9B3
0653200A984808787946D51A12B9BD
0653B80A984808787A46D21A12B9C7
0654700A984708787A46D41A12B9D1
0655A40A984708787646CA1A12B9DB
0656550A984808787D46CB1A12B9E5
0657130A984708787A46BE1A12B9EF
0657E90A984708787846C61A12B9F9
0658A60A984708787846C31A12BA03
0660800A984608787346AE1A12BAA7
0660F70A984708787946AB1A12BAB0
0661360A984808787546A51A12BABA
0661650A984808787946A21A12BAC4
0661E70A984908787946A01A12BACE
0662280A984808787A469B1A12BAD8
0668ED0A984708787446811A12BBD2
0669350A984808787846791A12BBDA
0669A60A984908787B46781A12BBE4
066A070A984908787846751A12BBEE
066A870A984808787B466E1A12BBF8
066B000A984908787B46691A12BC02
066B520A9848087878466A1A12BC0C
06701E0A984808788046481A12BD4A
0670950A9848087880464A1A12BD54
0670860A984808787C46431A12BD5E
06708D0A984708787F464D1A12BD68
06706C0A984708788046451A12BD72
